<?xml version="1.0" encoding="utf-8"?><testsuites name="pytest tests"><testsuite name="pytest" errors="0" failures="0" skipped="0" tests="18" time="10.782" timestamp="2026-07-18T23:36:55.314678+00:00" hostname="agent-env-ae6f55b1-1619-402f-b37f-dd063657bb6d"><testcase classname="tests.test_popbet_iter2.TestAuthNewFields" name="test_signup_with_phone_and_me_returns_streak_fields" time="0.415" /><testcase classname="tests.test_popbet_iter2.TestAuthNewFields" name="test_signup_without_phone_returns_null" time="0.268" /><testcase classname="tests.test_popbet_iter2.TestStreak" name="test_status_fresh_user" time="0.367" /><testcase classname="tests.test_popbet_iter2.TestStreak" name="test_checkin_grants_bonus_and_second_call_409" time="0.521" /><testcase classname="tests.test_popbet_iter2.TestFriendRequests" name="test_request_unknown_returns_404" time="0.320" /><testcase classname="tests.test_popbet_iter2.TestFriendRequests" name="test_request_self_returns_400" time="0.325" /><testcase classname="tests.test_popbet_iter2.TestFriendRequests" name="test_pending_incoming_and_reject" time="0.802" /><testcase classname="tests.test_popbet_iter2.TestFriendRequests" name="test_accept_creates_mutual_friendship" time="0.861" /><testcase classname="tests.test_popbet_iter2.TestFriendRequests" name="test_reverse_request_auto_accepts" time="0.756" /><testcase classname="tests.test_popbet_iter2.TestFindByPhones" name="test_matches_by_last_9_digits" time="0.584" /><testcase classname="tests.test_popbet_iter2.TestFindByPhones" name="test_stored_phone_with_spaces_now_matches" time="0.591" /><testcase classname="tests.test_popbet_iter2.TestFindByPhones" name="test_irrelevant_phone_returns_empty" time="0.313" /><testcase classname="tests.test_popbet_iter2.TestFindByPhones" name="test_backfill_matches_legacy_user" time="2.439" /><testcase classname="tests.test_popbet_iter2.TestCoinTransfer" name="test_transfer_success_updates_balances_and_history" time="0.829" /><testcase classname="tests.test_popbet_iter2.TestCoinTransfer" name="test_transfer_to_self_400" time="0.327" /><testcase classname="tests.test_popbet_iter2.TestCoinTransfer" name="test_transfer_insufficient_400" time="0.591" /><testcase classname="tests.test_popbet_iter2.TestCoinTransfer" name="test_transfer_unknown_user_404" time="0.325" /><testcase classname="tests.test_popbet_iter2.TestGoogleSession" name="test_invalid_session_returns_401" time="0.126" /></testsuite></testsuites>