<?xml version="1.0" encoding="utf-8"?><testsuites name="pytest tests"><testsuite name="pytest" errors="0" failures="0" skipped="0" tests="14" time="7.686" timestamp="2026-07-18T23:51:11.632538+00:00" hostname="agent-env-ae6f55b1-1619-402f-b37f-dd063657bb6d"><testcase classname="tests.test_popbet_iter4.TestPasswordReset" name="test_forgot_password_existing_email_returns_token" time="0.428" /><testcase classname="tests.test_popbet_iter4.TestPasswordReset" name="test_forgot_password_unknown_email_no_info_leak" time="0.043" /><testcase classname="tests.test_popbet_iter4.TestPasswordReset" name="test_reset_password_success_returns_jwt_and_logs_in" time="1.137" /><testcase classname="tests.test_popbet_iter4.TestPasswordReset" name="test_reset_password_token_cannot_be_reused" time="0.629" /><testcase classname="tests.test_popbet_iter4.TestPasswordReset" name="test_reset_password_invalid_token" time="0.042" /><testcase classname="tests.test_popbet_iter4.TestChangePassword" name="test_change_password_success" time="1.031" /><testcase classname="tests.test_popbet_iter4.TestChangePassword" name="test_change_password_wrong_current" time="0.577" /><testcase classname="tests.test_popbet_iter4.TestChangePassword" name="test_change_password_same_as_current" time="0.555" /><testcase classname="tests.test_popbet_iter4.TestUpdateProfile" name="test_update_username" time="0.313" /><testcase classname="tests.test_popbet_iter4.TestUpdateProfile" name="test_update_username_conflict_409" time="0.626" /><testcase classname="tests.test_popbet_iter4.TestUpdateProfile" name="test_update_avatar_base64_stored_as_data_uri" time="0.324" /><testcase classname="tests.test_popbet_iter4.TestUpdateProfile" name="test_update_phone_updates_normalized" time="0.676" /><testcase classname="tests.test_popbet_iter4.TestDeleteAccount" name="test_delete_account_success" time="0.670" /><testcase classname="tests.test_popbet_iter4.TestDeleteAccount" name="test_delete_account_wrong_password" time="0.603" /></testsuite></testsuites>