<?xml version="1.0" encoding="utf-8"?><testsuites name="pytest tests"><testsuite name="pytest" errors="0" failures="0" skipped="0" tests="14" time="7.602" timestamp="2026-07-19T10:51:26.240120+00:00" hostname="agent-env-ae6f55b1-1619-402f-b37f-dd063657bb6d"><testcase classname="test_popbet_iter4.TestPasswordReset" name="test_forgot_password_existing_email_returns_token" time="0.476" /><testcase classname="test_popbet_iter4.TestPasswordReset" name="test_forgot_password_unknown_email_no_info_leak" time="0.040" /><testcase classname="test_popbet_iter4.TestPasswordReset" name="test_reset_password_success_returns_jwt_and_logs_in" time="1.176" /><testcase classname="test_popbet_iter4.TestPasswordReset" name="test_reset_password_token_cannot_be_reused" time="0.652" /><testcase classname="test_popbet_iter4.TestPasswordReset" name="test_reset_password_invalid_token" time="0.041" /><testcase classname="test_popbet_iter4.TestChangePassword" name="test_change_password_success" time="1.050" /><testcase classname="test_popbet_iter4.TestChangePassword" name="test_change_password_wrong_current" time="0.526" /><testcase classname="test_popbet_iter4.TestChangePassword" name="test_change_password_same_as_current" time="0.525" /><testcase classname="test_popbet_iter4.TestUpdateProfile" name="test_update_username" time="0.346" /><testcase classname="test_popbet_iter4.TestUpdateProfile" name="test_update_username_conflict_409" time="0.606" /><testcase classname="test_popbet_iter4.TestUpdateProfile" name="test_update_avatar_base64_stored_as_data_uri" time="0.306" /><testcase classname="test_popbet_iter4.TestUpdateProfile" name="test_update_phone_updates_normalized" time="0.612" /><testcase classname="test_popbet_iter4.TestDeleteAccount" name="test_delete_account_success" time="0.660" /><testcase classname="test_popbet_iter4.TestDeleteAccount" name="test_delete_account_wrong_password" time="0.567" /></testsuite></testsuites>