<?xml version="1.0" encoding="utf-8"?><testsuites name="pytest tests"><testsuite name="pytest" errors="0" failures="0" skipped="0" tests="16" time="7.798" timestamp="2026-07-18T23:30:58.562018+00:00" hostname="agent-env-ae6f55b1-1619-402f-b37f-dd063657bb6d"><testcase classname="backend.tests.test_popbet_iter2.TestAuthNewFields" name="test_signup_with_phone_and_me_returns_streak_fields" time="0.410" /><testcase classname="backend.tests.test_popbet_iter2.TestAuthNewFields" name="test_signup_without_phone_returns_null" time="0.270" /><testcase classname="backend.tests.test_popbet_iter2.TestStreak" name="test_status_fresh_user" time="0.313" /><testcase classname="backend.tests.test_popbet_iter2.TestStreak" name="test_checkin_grants_bonus_and_second_call_409" time="0.517" /><testcase classname="backend.tests.test_popbet_iter2.TestFriendRequests" name="test_request_unknown_returns_404" time="0.313" /><testcase classname="backend.tests.test_popbet_iter2.TestFriendRequests" name="test_request_self_returns_400" time="0.311" /><testcase classname="backend.tests.test_popbet_iter2.TestFriendRequests" name="test_pending_incoming_and_reject" time="0.745" /><testcase classname="backend.tests.test_popbet_iter2.TestFriendRequests" name="test_accept_creates_mutual_friendship" time="0.813" /><testcase classname="backend.tests.test_popbet_iter2.TestFriendRequests" name="test_reverse_request_auto_accepts" time="0.713" /><testcase classname="backend.tests.test_popbet_iter2.TestFindByPhones" name="test_matches_by_last_9_digits" time="0.576" /><testcase classname="backend.tests.test_popbet_iter2.TestFindByPhones" name="test_stored_phone_with_spaces_not_matched_bug" time="0.578" /><testcase classname="backend.tests.test_popbet_iter2.TestCoinTransfer" name="test_transfer_success_updates_balances_and_history" time="0.797" /><testcase classname="backend.tests.test_popbet_iter2.TestCoinTransfer" name="test_transfer_to_self_400" time="0.334" /><testcase classname="backend.tests.test_popbet_iter2.TestCoinTransfer" name="test_transfer_insufficient_400" time="0.584" /><testcase classname="backend.tests.test_popbet_iter2.TestCoinTransfer" name="test_transfer_unknown_user_404" time="0.345" /><testcase classname="backend.tests.test_popbet_iter2.TestGoogleSession" name="test_invalid_session_returns_401" time="0.133" /></testsuite></testsuites>