<?xml version="1.0" encoding="utf-8"?><testsuites name="pytest tests"><testsuite name="pytest" errors="0" failures="0" skipped="0" tests="23" time="3.713" timestamp="2026-07-18T23:02:23.293264+00:00" hostname="agent-env-ae6f55b1-1619-402f-b37f-dd063657bb6d"><testcase classname="test_popbet_backend.TestHealth" name="test_health" time="0.128" /><testcase classname="test_popbet_backend.TestAuth" name="test_signup_returns_jwt_and_1000_coins" time="0.297" /><testcase classname="test_popbet_backend.TestAuth" name="test_signup_duplicate_returns_409" time="0.338" /><testcase classname="test_popbet_backend.TestAuth" name="test_login_success" time="0.271" /><testcase classname="test_popbet_backend.TestAuth" name="test_login_wrong_password" time="0.275" /><testcase classname="test_popbet_backend.TestAuth" name="test_me_with_valid_token" time="0.051" /><testcase classname="test_popbet_backend.TestAuth" name="test_me_missing_token" time="0.049" /><testcase classname="test_popbet_backend.TestAuth" name="test_me_invalid_token" time="0.050" /><testcase classname="test_popbet_backend.TestBetsListing" name="test_list_bets_all_categories" time="0.054" /><testcase classname="test_popbet_backend.TestBetsListing" name="test_filter_by_category_sport" time="0.050" /><testcase classname="test_popbet_backend.TestPlaceBet" name="test_place_bet_success_and_userchoice_set" time="0.525" /><testcase classname="test_popbet_backend.TestPlaceBet" name="test_place_bet_duplicate_returns_409" time="0.104" /><testcase classname="test_popbet_backend.TestPlaceBet" name="test_place_bet_insufficient_coins_returns_400" time="0.103" /><testcase classname="test_popbet_backend.TestMyBets" name="test_active_placements_returned" time="0.052" /><testcase classname="test_popbet_backend.TestResolveFlow" name="test_resolve_pari_mutuel_payout" time="0.847" /><testcase classname="test_popbet_backend.TestLeaderboardAndFriends" name="test_global_leaderboard_sorted_and_has_me" time="0.052" /><testcase classname="test_popbet_backend.TestLeaderboardAndFriends" name="test_add_friend_success" time="0.050" /><testcase classname="test_popbet_backend.TestLeaderboardAndFriends" name="test_add_friend_unknown_returns_404" time="0.048" /><testcase classname="test_popbet_backend.TestLeaderboardAndFriends" name="test_add_friend_self_returns_400" time="0.055" /><testcase classname="test_popbet_backend.TestLeaderboardAndFriends" name="test_friends_leaderboard_includes_me_and_friend" time="0.099" /><testcase classname="test_popbet_backend.TestPushRegistration" name="test_register_push_accepts_even_when_provider_401" time="0.060" /><testcase classname="test_popbet_backend.TestSerialization" name="test_no_underscore_id_in_bets" time="0.050" /><testcase classname="test_popbet_backend.TestSerialization" name="test_no_underscore_id_in_leaderboard" time="0.049" /></testsuite></testsuites>